#
# There is insufficient memory for the Java Runtime Environment to continue.
# Native memory allocation (mmap) failed to map 266338304 bytes for G1 virtual space
# Possible reasons:
#   The system is out of physical RAM or swap space
#   The process is running with CompressedOops enabled, and the Java Heap may be blocking the growth of the native heap
# Possible solutions:
#   Reduce memory load on the system
#   Increase physical memory or swap space
#   Check if swap backing store is full
#   Decrease Java heap size (-Xmx/-Xms)
#   Decrease number of Java threads
#   Decrease Java thread stack sizes (-Xss)
#   Set larger code cache with -XX:ReservedCodeCacheSize=
#   JVM is running with Zero Based Compressed Oops mode in which the Java heap is
#     placed in the first 32GB address space. The Java Heap base address is the
#     maximum limit for the native heap growth. Please use -XX:HeapBaseMinAddress
#     to set the Java Heap base and to place the Java Heap above 32GB virtual address.
# This output file may be truncated or incomplete.
#
#  Out of Memory Error (os_windows.cpp:3617), pid=1740, tid=12684
#
# JRE version:  (17.0.8+7) (build )
# Java VM: OpenJDK 64-Bit Server VM (17.0.8+7, mixed mode, sharing, tiered, compressed oops, compressed class ptrs, g1 gc, windows-amd64)
# No core dump will be written. Minidumps are not enabled by default on client versions of Windows
#

---------------  S U M M A R Y ------------

Command Line: -Dfile.encoding=UTF-8 --module-path=C:\Users\Victor dos Santos\Documents\GitHub\Carros\bin -XX:+ShowCodeDetailsInExceptionMessages -Djdk.module.main=Carros Carros/HotWeels.Principal

Host: 12th Gen Intel(R) Core(TM) i5-12400F, 12 cores, 15G,  Windows 11 , 64 bit Build 22621 (10.0.22621.3235)
Time: Sun Mar 10 09:08:18 2024 Hora oficial do Brasil elapsed time: 0.006077 seconds (0d 0h 0m 0s)

---------------  T H R E A D  ---------------

Current thread (0x000002a773e1ea60):  JavaThread "Unknown thread" [_thread_in_vm, id=12684, stack(0x000000ead0a00000,0x000000ead0b00000)]

Stack: [0x000000ead0a00000,0x000000ead0b00000]
Native frames: (J=compiled Java code, j=interpreted, Vv=VM code, C=native code)
V  [jvm.dll+0x678b0a]
V  [jvm.dll+0x835e84]
V  [jvm.dll+0x83762e]
V  [jvm.dll+0x837c93]
V  [jvm.dll+0x24746f]
V  [jvm.dll+0x675859]
V  [jvm.dll+0x66a0ea]
V  [jvm.dll+0x306c7b]
V  [jvm.dll+0x30e166]
V  [jvm.dll+0x35dd3e]
V  [jvm.dll+0x35df6f]
V  [jvm.dll+0x2ddb48]
V  [jvm.dll+0x2deab4]
V  [jvm.dll+0x807f31]
V  [jvm.dll+0x36bb21]
V  [jvm.dll+0x7e733c]
V  [jvm.dll+0x3ee4af]
V  [jvm.dll+0x3f00c1]
C  [jli.dll+0x528b]
C  [ucrtbase.dll+0x29363]
C  [KERNEL32.DLL+0x1257d]
C  [ntdll.dll+0x5aa58]


---------------  P R O C E S S  ---------------

Threads class SMR info:
_java_thread_list=0x00007ffe8a69a018, length=0, elements={
}

Java Threads: ( => current thread )

Other Threads:
  0x000002a773e899c0 GCTaskThread "GC Thread#0" [stack: 0x000000ead0b00000,0x000000ead0c00000] [id=15952]
  0x000002a773e9acd0 ConcurrentGCThread "G1 Main Marker" [stack: 0x000000ead0c00000,0x000000ead0d00000] [id=13952]
  0x000002a773e9d600 ConcurrentGCThread "G1 Conc#0" [stack: 0x000000ead0d00000,0x000000ead0e00000] [id=13220]

[error occurred during error reporting (printing all threads), id 0xc0000005, EXCEPTION_ACCESS_VIOLATION (0xc0000005) at pc=0x00007ffe89e6e587]

VM state: not at safepoint (not fully initialized)

VM Mutex/Monitor currently owned by a thread:  ([mutex/lock_event])
[0x000002a773e1c120] Heap_lock - owner thread: 0x000002a773e1ea60

Heap address: 0x0000000702e00000, size: 4050 MB, Compressed Oops mode: Zero based, Oop shift amount: 3

CDS archive(s) mapped at: [0x0000000000000000-0x0000000000000000-0x0000000000000000), size 0, SharedBaseAddress: 0x0000000800000000, ArchiveRelocationMode: 1.
Narrow klass base: 0x0000000000000000, Narrow klass shift: 0, Narrow klass range: 0x0

GC Precious Log:
<Empty>

Heap:
 garbage-first heap   total 0K, used 0K [0x0000000702e00000, 0x0000000800000000)
  region size 2048K, 0 young (0K), 0 survivors (0K)

[error occurred during error reporting (printing heap information), id 0xc0000005, EXCEPTION_ACCESS_VIOLATION (0xc0000005) at pc=0x00007ffe8a252699]

GC Heap History (0 events):
No events

Dll operation events (1 events):
Event: 0.004 Loaded shared library C:\Users\Victor dos Santos\.p2\pool\plugins\org.eclipse.justj.openjdk.hotspot.jre.full.win32.x86_64_17.0.8.v20230801-1951\jre\bin\java.dll

Deoptimization events (0 events):
No events

Classes unloaded (0 events):
No events

Classes redefined (0 events):
No events

Internal exceptions (0 events):
No events

VM Operations (0 events):
No events

Events (0 events):
No events


Dynamic libraries:
0x00007ff7123e0000 - 0x00007ff7123ee000 	C:\Users\Victor dos Santos\.p2\pool\plugins\org.eclipse.justj.openjdk.hotspot.jre.full.win32.x86_64_17.0.8.v20230801-1951\jre\bin\javaw.exe
0x00007ffef0490000 - 0x00007ffef06a6000 	C:\WINDOWS\SYSTEM32\ntdll.dll
0x00007ffeef530000 - 0x00007ffeef5f4000 	C:\WINDOWS\System32\KERNEL32.DLL
0x00007ffeeddc0000 - 0x00007ffeee166000 	C:\WINDOWS\System32\KERNELBASE.dll
0x00007ffeedca0000 - 0x00007ffeeddb1000 	C:\WINDOWS\System32\ucrtbase.dll
0x00007ffed4970000 - 0x00007ffed4987000 	C:\Users\Victor dos Santos\.p2\pool\plugins\org.eclipse.justj.openjdk.hotspot.jre.full.win32.x86_64_17.0.8.v20230801-1951\jre\bin\jli.dll
0x00007ffed3800000 - 0x00007ffed3819000 	C:\Users\Victor dos Santos\.p2\pool\plugins\org.eclipse.justj.openjdk.hotspot.jre.full.win32.x86_64_17.0.8.v20230801-1951\jre\bin\VCRUNTIME140.dll
0x00007ffeef870000 - 0x00007ffeefa1d000 	C:\WINDOWS\System32\USER32.dll
0x00007ffeeda00000 - 0x00007ffeeda26000 	C:\WINDOWS\System32\win32u.dll
0x00007ffee29a0000 - 0x00007ffee2c33000 	C:\WINDOWS\WinSxS\amd64_microsoft.windows.common-controls_6595b64144ccf1df_6.0.22621.3235_none_270f74e173860f98\COMCTL32.dll
0x00007ffeee560000 - 0x00007ffeee589000 	C:\WINDOWS\System32\GDI32.dll
0x00007ffeef7c0000 - 0x00007ffeef867000 	C:\WINDOWS\System32\msvcrt.dll
0x00007ffeedb00000 - 0x00007ffeedc18000 	C:\WINDOWS\System32\gdi32full.dll
0x00007ffeeda30000 - 0x00007ffeedaca000 	C:\WINDOWS\System32\msvcp_win.dll
0x00007ffeefba0000 - 0x00007ffeefbd1000 	C:\WINDOWS\System32\IMM32.DLL
0x00007ffee1ea0000 - 0x00007ffee1eac000 	C:\Users\Victor dos Santos\.p2\pool\plugins\org.eclipse.justj.openjdk.hotspot.jre.full.win32.x86_64_17.0.8.v20230801-1951\jre\bin\vcruntime140_1.dll
0x00007ffe8d710000 - 0x00007ffe8d7a1000 	C:\Users\Victor dos Santos\.p2\pool\plugins\org.eclipse.justj.openjdk.hotspot.jre.full.win32.x86_64_17.0.8.v20230801-1951\jre\bin\msvcp140.dll
0x00007ffe89b80000 - 0x00007ffe8a7cc000 	C:\Users\Victor dos Santos\.p2\pool\plugins\org.eclipse.justj.openjdk.hotspot.jre.full.win32.x86_64_17.0.8.v20230801-1951\jre\bin\server\jvm.dll
0x00007ffeee1e0000 - 0x00007ffeee292000 	C:\WINDOWS\System32\ADVAPI32.dll
0x00007ffef0250000 - 0x00007ffef02f8000 	C:\WINDOWS\System32\sechost.dll
0x00007ffeedad0000 - 0x00007ffeedaf8000 	C:\WINDOWS\System32\bcrypt.dll
0x00007ffeefa80000 - 0x00007ffeefb95000 	C:\WINDOWS\System32\RPCRT4.dll
0x00007ffeec620000 - 0x00007ffeec66d000 	C:\WINDOWS\SYSTEM32\POWRPROF.dll
0x00007ffec42e0000 - 0x00007ffec42e9000 	C:\WINDOWS\SYSTEM32\WSOCK32.dll
0x00007ffee6d50000 - 0x00007ffee6d84000 	C:\WINDOWS\SYSTEM32\WINMM.dll
0x00007ffef0320000 - 0x00007ffef0391000 	C:\WINDOWS\System32\WS2_32.dll
0x00007ffee4a20000 - 0x00007ffee4a2a000 	C:\WINDOWS\SYSTEM32\VERSION.dll
0x00007ffeec600000 - 0x00007ffeec613000 	C:\WINDOWS\SYSTEM32\UMPDC.dll
0x00007ffeec8c0000 - 0x00007ffeec8d8000 	C:\WINDOWS\SYSTEM32\kernel.appcore.dll
0x00007ffed4550000 - 0x00007ffed455a000 	C:\Users\Victor dos Santos\.p2\pool\plugins\org.eclipse.justj.openjdk.hotspot.jre.full.win32.x86_64_17.0.8.v20230801-1951\jre\bin\jimage.dll
0x00007ffedbc00000 - 0x00007ffedbe33000 	C:\WINDOWS\SYSTEM32\DBGHELP.DLL
0x00007ffeefec0000 - 0x00007ffef0248000 	C:\WINDOWS\System32\combase.dll
0x00007ffeefcf0000 - 0x00007ffeefdc7000 	C:\WINDOWS\System32\OLEAUT32.dll
0x00007ffec3410000 - 0x00007ffec3442000 	C:\WINDOWS\SYSTEM32\dbgcore.DLL
0x00007ffeedc20000 - 0x00007ffeedc9a000 	C:\WINDOWS\System32\bcryptPrimitives.dll
0x00007ffed3250000 - 0x00007ffed3275000 	C:\Users\Victor dos Santos\.p2\pool\plugins\org.eclipse.justj.openjdk.hotspot.jre.full.win32.x86_64_17.0.8.v20230801-1951\jre\bin\java.dll

dbghelp: loaded successfully - version: 4.0.5 - missing functions: none
symbol engine: initialized successfully - sym options: 0x614 - pdb path: .;C:\Users\Victor dos Santos\.p2\pool\plugins\org.eclipse.justj.openjdk.hotspot.jre.full.win32.x86_64_17.0.8.v20230801-1951\jre\bin;C:\WINDOWS\SYSTEM32;C:\WINDOWS\WinSxS\amd64_microsoft.windows.common-controls_6595b64144ccf1df_6.0.22621.3235_none_270f74e173860f98;C:\Users\Victor dos Santos\.p2\pool\plugins\org.eclipse.justj.openjdk.hotspot.jre.full.win32.x86_64_17.0.8.v20230801-1951\jre\bin\server

VM Arguments:
jvm_args: -Dfile.encoding=UTF-8 --module-path=C:\Users\Victor dos Santos\Documents\GitHub\Carros\bin -XX:+ShowCodeDetailsInExceptionMessages -Djdk.module.main=Carros 
java_command: Carros/HotWeels.Principal
java_class_path (initial): <not set>
Launcher Type: SUN_STANDARD

[Global flags]
     intx CICompilerCount                          = 4                                         {product} {ergonomic}
     uint ConcGCThreads                            = 3                                         {product} {ergonomic}
     uint G1ConcRefinementThreads                  = 10                                        {product} {ergonomic}
   size_t G1HeapRegionSize                         = 2097152                                   {product} {ergonomic}
    uintx GCDrainStackTargetSize                   = 64                                        {product} {ergonomic}
   size_t InitialHeapSize                          = 266338304                                 {product} {ergonomic}
   size_t MarkStackSize                            = 4194304                                   {product} {ergonomic}
   size_t MaxHeapSize                              = 4246732800                                {product} {ergonomic}
   size_t MinHeapDeltaBytes                        = 2097152                                   {product} {ergonomic}
   size_t MinHeapSize                              = 8388608                                   {product} {ergonomic}
    uintx NonNMethodCodeHeapSize                   = 5839372                                {pd product} {ergonomic}
    uintx NonProfiledCodeHeapSize                  = 122909434                              {pd product} {ergonomic}
    uintx ProfiledCodeHeapSize                     = 122909434                              {pd product} {ergonomic}
    uintx ReservedCodeCacheSize                    = 251658240                              {pd product} {ergonomic}
     bool SegmentedCodeCache                       = true                                      {product} {ergonomic}
     bool ShowCodeDetailsInExceptionMessages       = true                                   {manageable} {command line}
   size_t SoftMaxHeapSize                          = 4246732800                             {manageable} {ergonomic}
     bool UseCompressedClassPointers               = true                           {product lp64_product} {ergonomic}
     bool UseCompressedOops                        = true                           {product lp64_product} {ergonomic}
     bool UseG1GC                                  = true                                      {product} {ergonomic}
     bool UseLargePagesIndividualAllocation        = false                                  {pd product} {ergonomic}

Logging:
Log output configuration:
 #0: stdout all=warning uptime,level,tags
 #1: stderr all=off uptime,level,tags

Environment Variables:
PATH=C:/Users/Victor dos Santos/.p2/pool/plugins/org.eclipse.justj.openjdk.hotspot.jre.full.win32.x86_64_17.0.8.v20230801-1951/jre/bin/server;C:/Users/Victor dos Santos/.p2/pool/plugins/org.eclipse.justj.openjdk.hotspot.jre.full.win32.x86_64_17.0.8.v20230801-1951/jre/bin;C:\Program Files\Common Files\Oracle\Java\javapath;C:\Program Files (x86)\Common Files\Oracle\Java\javapath;C:\Program Files\Python311\Scripts\;C:\Program Files\Python311\;C:\WINDOWS\system32;C:\WINDOWS;C:\WINDOWS\System32\Wbem;C:\WINDOWS\System32\WindowsPowerShell\v1.0\;C:\WINDOWS\System32\OpenSSH\;C:\Program Files (x86)\NVIDIA Corporation\PhysX\Common;C:\Program Files\NVIDIA Corporation\NVIDIA NvDLISR;C:\Program Files\nodejs\;C:\Program Files\Git\cmd;C:\Users\Victor dos Santos\AppData\Local\Microsoft\WindowsApps;C:\Users\Victor dos Santos\AppData\Local\Programs\Microsoft VS Code\bin;C:\Users\Victor dos Santos\AppData\Local\GitHubDesktop\bin;C:\Users\Victor dos Santos\AppData\Roaming\npm;C:\Program Files\JetBrains\IntelliJ IDEA Community Edition 2023.3.4\bin;;C:\Users\Victor dos Santos\Java\jdk-21\bin;;C:\Users\Victor dos Santos\Desktop;
USERNAME=Victor dos Santos
OS=Windows_NT
PROCESSOR_IDENTIFIER=Intel64 Family 6 Model 151 Stepping 5, GenuineIntel
TMP=C:\Users\VICTOR~1\AppData\Local\Temp
TEMP=C:\Users\VICTOR~1\AppData\Local\Temp



---------------  S Y S T E M  ---------------

OS:
 Windows 11 , 64 bit Build 22621 (10.0.22621.3235)
OS uptime: 0 days 3:00 hours
Hyper-V role detected

CPU: total 12 (initial active 12) (6 cores per cpu, 2 threads per core) family 6 model 151 stepping 5 microcode 0x23, cx8, cmov, fxsr, ht, mmx, 3dnowpref, sse, sse2, sse3, ssse3, sse4.1, sse4.2, popcnt, lzcnt, tsc, tscinvbit, avx, avx2, aes, erms, clmul, bmi1, bmi2, adx, sha, fma, vzeroupper, clflush, clflushopt, clwb, hv
Processor Information for all 12 processors :
  Max Mhz: 2500, Current Mhz: 2500, Mhz Limit: 2500

Memory: 4k page, system-wide physical 16197M (9476M free)
TotalPageFile size 18245M (AvailPageFile size 53M)
current process WorkingSet (physical memory assigned to process): 11M, peak: 11M
current process commit charge ("private bytes"): 64M, peak: 318M

vm_info: OpenJDK 64-Bit Server VM (17.0.8+7) for windows-amd64 JRE (17.0.8+7), built on Jul 18 2023 21:02:32 by "admin" with MS VC++ 16.7 (VS2019)

END.
